<?xml version="1.0" encoding="UTF-8" ?>
<testsuites errors="0"
            failures="1"
            tests="1">

  <testsuite name="Specs.Search"
    errors="0" failures="1" hostname="" id="" package="Specs" skipped="0"
    tests="1" time="6.793" timestamp="">
  
    <testcase name="Search for item should return results within required time" classname="Specs.Search" time="6.793" assertions="1">  <failure message="Timed out while waiting for element &lt;[data-q=search-keyword-field]&gt; to be present for 5000 milliseconds. - expected [0;32m&#34;visible&#34;[0m but got: [0;31m&#34;not found&#34;[0m">    at Homepage.searchForItemInLocation (C:\Users\R001-HasanA\NightWatchTypescript\PageObjects\Homepage.js:17:14)
    at Object.Search for item should return results within required time (C:\Users\R001-HasanA\NightWatchTypescript\Tests\Specs\Search.js:12:14)
    at process._tickCallback (internal/process/next_tick.js:68:7)</failure>

    <failure message="    at Homepage.searchForItemInLocation (C:\Users\R001-HasanA\NightWatchTypescript\PageObjects\Homepage.js:17:14)">    at Object.Search for item should return results within required time (C:\Users\R001-HasanA\NightWatchTypescript\Tests\Specs\Search.js:12:14)
    at process._tickCallback (internal/process/next_tick.js:68:7)</failure>
    </testcase>
  

  

  
  </testsuite>
</testsuites>
